Microsoft (R) Macro Assembler Version 6.15.8803		    06/06/26 12:34:08
Testing the Irvine32 Library				     Page 1 - 1


				TITLE Testing the Irvine32 Library

				INCLUDE Irvine32.inc
			      C ; Include file for Irvine32.lib             (Irvine32.inc)
			      C 
			      C INCLUDE SmallWin.inc		; MS-Windows prototypes, structures, and constants
			      C .NOLIST
			      C .LIST
			      C 
			      C .NOLIST
			      C .LIST
			      C 

 = 0000000D			CR = 0Dh            ; Carriage Return
 = 0000000A			LF = 0Ah            ; Line Feed

 00000000			.data

				; Messages displayed to the user
 00000000 47 65 6E 65 72	rand1   BYTE "Generating 20 random integers between 0 and 999:",CR,LF,0
	   61 74 69 6E 67
	   20 32 30 20 72
	   61 6E 64 6F 6D
	   20 69 6E 74 65
	   67 65 72 73 20
	   62 65 74 77 65
	   65 6E 20 30 20
	   61 6E 64 20 39
	   39 39 3A 0D 0A
	   00
 00000033 47 65 6E 65 72	rand2   BYTE "Generating 20 random integers between 0 and FFFFFFFFh:",CR,LF,0
	   61 74 69 6E 67
	   20 32 30 20 72
	   61 6E 64 6F 6D
	   20 69 6E 74 65
	   67 65 72 73 20
	   62 65 74 77 65
	   65 6E 20 30 20
	   61 6E 64 20 46
	   46 46 46 46 46
	   46 46 68 3A 0D
	   0A 00

 0000006C 50 72 65 73 73	prompt1 BYTE "Press a key: ",0
	   20 61 20 6B 65
	   79 3A 20 00
 0000007A 45 6E 74 65 72	prompt2 BYTE "Enter a 32-bit signed integer: ",0
	   20 61 20 33 32
	   2D 62 69 74 20
	   73 69 67 6E 65
	   64 20 69 6E 74
	   65 67 65 72 3A
	   20 00
 0000009A 45 6E 74 65 72	prompt3 BYTE "Enter your name: ",0
	   20 79 6F 75 72
	   20 6E 61 6D 65
	   3A 20 00

 000000AC 54 68 65 20 66	msg1    BYTE "The following key was pressed: ",0
	   6F 6C 6C 6F 77
	   69 6E 67 20 6B
	   65 79 20 77 61
	   73 20 70 72 65
	   73 73 65 64 3A
	   20 00
 000000CC 44 69 73 70 6C	regs    BYTE "Displaying the registers:",CR,LF,0
	   61 79 69 6E 67
	   20 74 68 65 20
	   72 65 67 69 73
	   74 65 72 73 3A
	   0D 0A 00

 000000E8 48 65 6C 6C 6F	hello   BYTE "Hello, ",0
	   2C 20 00

				; Buffer to store user's name
 000000F0  00000032 [		buffer  BYTE 50 DUP(0)
	    00
	   ]

				; Variable to store integer entered by user
 00000122 00000000		dwordVal DWORD ?

 00000000			.code
 00000000			main PROC

				; --------------------------------------------------
				; Change screen colors and clear screen
				; --------------------------------------------------

 00000000  B8 000000F0		    mov eax, black + (white * 16) ; black text, white background
 00000005  E8 00000000 E	    call SetTextColor

 0000000A  E8 00000000 E	    call Clrscr                   ; clear screen

				; --------------------------------------------------
				; Initialize random number generator
				; --------------------------------------------------

 0000000F  E8 00000000 E	    call Randomize

				; --------------------------------------------------
				; Display message:
				; "Generating 20 random integers between 0 and 999"
				; --------------------------------------------------

 00000014  BA 00000000 R	    mov edx, OFFSET rand1
 00000019  E8 00000000 E	    call WriteString

				; --------------------------------------------------
				; Generate 20 random numbers
				; --------------------------------------------------

 0000001E  B9 00000014		    mov ecx, 20       ; loop counter = 20

 00000023  B6 02		    mov dh, 2         ; row position
 00000025  B2 00		    mov dl, 0         ; column position

 00000027			L1:

 00000027  E8 00000000 E	    call Gotoxy       ; move cursor to (row,column)

 0000002C  B8 000003E8		    mov eax, 1000     ; upper limit = 1000
 00000031  E8 00000000 E	    call RandomRange  ; random number: 0-999

 00000036  E8 00000000 E	    call WriteDec     ; display random number

 0000003B  B8 000001F4		    mov eax, 500
 00000040  E8 00000000 E	    call Delay        ; wait 500 milliseconds

 00000045  FE C6		    inc dh            ; next row
 00000047  80 C2 02		    add dl, 2         ; move right 2 columns

 0000004A  E2 DB		    loop L1           ; repeat 20 times

				; --------------------------------------------------
				; Wait for user before continuing
				; --------------------------------------------------

 0000004C  E8 00000000 E	    call Crlf
 00000051  E8 00000000 E	    call WaitMsg
 00000056  E8 00000000 E	    call Clrscr

				; --------------------------------------------------
				; Ask user for an integer
				; --------------------------------------------------

 0000005B  BA 0000007A R	    mov edx, OFFSET prompt2
 00000060  E8 00000000 E	    call WriteString

 00000065  E8 00000000 E	    call ReadInt      ; user enters integer

 0000006A  A3 00000122 R	    mov dwordVal, eax ; save integer

				; --------------------------------------------------
				; Display integer in decimal
				; --------------------------------------------------

 0000006F  E8 00000000 E	    call Crlf
 00000074  E8 00000000 E	    call WriteInt

				; --------------------------------------------------
				; Display integer in hexadecimal
				; --------------------------------------------------

 00000079  E8 00000000 E	    call Crlf
 0000007E  E8 00000000 E	    call WriteHex

				; --------------------------------------------------
				; Display integer in binary
				; --------------------------------------------------

 00000083  E8 00000000 E	    call Crlf
 00000088  E8 00000000 E	    call WriteBin
 0000008D  E8 00000000 E	    call Crlf

				; --------------------------------------------------
				; Display CPU registers
				; --------------------------------------------------

 00000092  E8 00000000 E	    call Crlf

 00000097  BA 000000CC R	    mov edx, OFFSET regs
 0000009C  E8 00000000 E	    call WriteString

 000000A1  E8 00000000 E	    call DumpRegs
 000000A6  E8 00000000 E	    call Crlf

				; --------------------------------------------------
				; Display memory contents of dwordVal
				; --------------------------------------------------

 000000AB  BE 00000122 R	    mov esi, OFFSET dwordVal   ; starting address

 000000B0  B9 00000001		    mov ecx, LENGTHOF dwordVal ; number of elements

 000000B5  BB 00000004		    mov ebx, TYPE dwordVal     ; size of each element

 000000BA  E8 00000000 E	    call DumpMem

 000000BF  E8 00000000 E	    call Crlf
 000000C4  E8 00000000 E	    call WaitMsg

				; --------------------------------------------------
				; Ask user for their name
				; --------------------------------------------------

 000000C9  E8 00000000 E	    call Clrscr

 000000CE  BA 0000009A R	    mov edx, OFFSET prompt3
 000000D3  E8 00000000 E	    call WriteString

				; --------------------------------------------------
				; Read user's name into buffer
				; --------------------------------------------------

 000000D8  BA 000000F0 R	    mov edx, OFFSET buffer

 000000DD  B9 00000031		    mov ecx, SIZEOF buffer - 1 ; maximum characters

 000000E2  E8 00000000 E	    call ReadString

				; --------------------------------------------------
				; Display greeting
				; --------------------------------------------------

 000000E7  BA 000000E8 R	    mov edx, OFFSET hello
 000000EC  E8 00000000 E	    call WriteString

 000000F1  BA 000000F0 R	    mov edx, OFFSET buffer
 000000F6  E8 00000000 E	    call WriteString

 000000FB  E8 00000000 E	    call Crlf

				    exit

 00000107			main ENDP
				END main
Microsoft (R) Macro Assembler Version 6.15.8803		    06/06/26 12:34:08
Testing the Irvine32 Library				     Symbols 2 - 1




Structures and Unions:

                N a m e                  Size
                                         Offset      Type

CONSOLE_CURSOR_INFO  . . . . . .	 00000005
  dwSize . . . . . . . . . . . .	 00000000	 DWord
  bVisible . . . . . . . . . . .	 00000004	 Byte
CONSOLE_SCREEN_BUFFER_INFO . . .	 00000016
  dwSize . . . . . . . . . . . .	 00000000	 DWord
  dwCursorPos  . . . . . . . . .	 00000004	 DWord
  wAttributes  . . . . . . . . .	 00000008	 Word
  srWindow . . . . . . . . . . .	 0000000A	 QWord
  maxWinSize . . . . . . . . . .	 00000012	 DWord
COORD  . . . . . . . . . . . . .	 00000004
  X  . . . . . . . . . . . . . .	 00000000	 Word
  Y  . . . . . . . . . . . . . .	 00000002	 Word
FILETIME . . . . . . . . . . . .	 00000008
  loDateTime . . . . . . . . . .	 00000000	 DWord
  hiDateTime . . . . . . . . . .	 00000004	 DWord
SMALL_RECT . . . . . . . . . . .	 00000008
  Left . . . . . . . . . . . . .	 00000000	 Word
  Top  . . . . . . . . . . . . .	 00000002	 Word
  Right  . . . . . . . . . . . .	 00000004	 Word
  Bottom . . . . . . . . . . . .	 00000006	 Word
SYSTEMTIME . . . . . . . . . . .	 00000010
  wYear  . . . . . . . . . . . .	 00000000	 Word
  wMonth . . . . . . . . . . . .	 00000002	 Word
  wDayOfWeek . . . . . . . . . .	 00000004	 Word
  wDay . . . . . . . . . . . . .	 00000006	 Word
  wHour  . . . . . . . . . . . .	 00000008	 Word
  wMinute  . . . . . . . . . . .	 0000000A	 Word
  wSecond  . . . . . . . . . . .	 0000000C	 Word
  wMilliseconds  . . . . . . . .	 0000000E	 Word


Segments and Groups:

                N a m e                 Size     Length   Align   Combine Class

FLAT . . . . . . . . . . . . . .	GROUP
STACK  . . . . . . . . . . . . .	32 Bit	 00001000 DWord	  Stack	  'STACK'	 
_DATA  . . . . . . . . . . . . .	32 Bit	 00000126 DWord	  Public  'DATA'	
_TEXT  . . . . . . . . . . . . .	32 Bit	 00000107 DWord	  Public  'CODE'	


Procedures,  parameters and locals:

                N a m e                 Type     Value    Attr

CloseHandle  . . . . . . . . . .	P Near	 00000000 FLAT	Length= 00000000 External STDCALL
ClrScr . . . . . . . . . . . . .	P Near	 00000000 FLAT	Length= 00000000 External STDCALL
CreateFileA  . . . . . . . . . .	P Near	 00000000 FLAT	Length= 00000000 External STDCALL
Crlf . . . . . . . . . . . . . .	P Near	 00000000 FLAT	Length= 00000000 External STDCALL
Delay  . . . . . . . . . . . . .	P Near	 00000000 FLAT	Length= 00000000 External STDCALL
DumpMem  . . . . . . . . . . . .	P Near	 00000000 FLAT	Length= 00000000 External STDCALL
DumpRegs . . . . . . . . . . . .	P Near	 00000000 FLAT	Length= 00000000 External STDCALL
ExitProcess  . . . . . . . . . .	P Near	 00000000 FLAT	Length= 00000000 External STDCALL
FlushConsoleInputBuffer  . . . .	P Near	 00000000 FLAT	Length= 00000000 External STDCALL
GetCommandTail . . . . . . . . .	P Near	 00000000 FLAT	Length= 00000000 External STDCALL
GetConsoleCP . . . . . . . . . .	P Near	 00000000 FLAT	Length= 00000000 External STDCALL
GetConsoleCursorInfo . . . . . .	P Near	 00000000 FLAT	Length= 00000000 External STDCALL
GetConsoleMode . . . . . . . . .	P Near	 00000000 FLAT	Length= 00000000 External STDCALL
GetConsoleScreenBufferInfo . . .	P Near	 00000000 FLAT	Length= 00000000 External STDCALL
GetDateTime  . . . . . . . . . .	P Near	 00000000 FLAT	Length= 00000000 External STDCALL
GetLocalTime . . . . . . . . . .	P Near	 00000000 FLAT	Length= 00000000 External STDCALL
GetMseconds  . . . . . . . . . .	P Near	 00000000 FLAT	Length= 00000000 External STDCALL
GetNumberOfConsoleInputEvents  .	P Near	 00000000 FLAT	Length= 00000000 External STDCALL
GetStdHandle . . . . . . . . . .	P Near	 00000000 FLAT	Length= 00000000 External STDCALL
GetSystemTime  . . . . . . . . .	P Near	 00000000 FLAT	Length= 00000000 External STDCALL
GetTickCount . . . . . . . . . .	P Near	 00000000 FLAT	Length= 00000000 External STDCALL
Gotoxy . . . . . . . . . . . . .	P Near	 00000000 FLAT	Length= 00000000 External STDCALL
IsDigit  . . . . . . . . . . . .	P Near	 00000000 FLAT	Length= 00000000 External STDCALL
PeekConsoleInputA  . . . . . . .	P Near	 00000000 FLAT	Length= 00000000 External STDCALL
Random32 . . . . . . . . . . . .	P Near	 00000000 FLAT	Length= 00000000 External STDCALL
RandomRange  . . . . . . . . . .	P Near	 00000000 FLAT	Length= 00000000 External STDCALL
Randomize  . . . . . . . . . . .	P Near	 00000000 FLAT	Length= 00000000 External STDCALL
ReadChar . . . . . . . . . . . .	P Near	 00000000 FLAT	Length= 00000000 External STDCALL
ReadConsoleA . . . . . . . . . .	P Near	 00000000 FLAT	Length= 00000000 External STDCALL
ReadConsoleInputA  . . . . . . .	P Near	 00000000 FLAT	Length= 00000000 External STDCALL
ReadFile . . . . . . . . . . . .	P Near	 00000000 FLAT	Length= 00000000 External STDCALL
ReadHex  . . . . . . . . . . . .	P Near	 00000000 FLAT	Length= 00000000 External STDCALL
ReadInt  . . . . . . . . . . . .	P Near	 00000000 FLAT	Length= 00000000 External STDCALL
ReadString . . . . . . . . . . .	P Near	 00000000 FLAT	Length= 00000000 External STDCALL
SetConsoleCursorInfo . . . . . .	P Near	 00000000 FLAT	Length= 00000000 External STDCALL
SetConsoleCursorPosition . . . .	P Near	 00000000 FLAT	Length= 00000000 External STDCALL
SetConsoleMode . . . . . . . . .	P Near	 00000000 FLAT	Length= 00000000 External STDCALL
SetConsoleScreenBufferSize . . .	P Near	 00000000 FLAT	Length= 00000000 External STDCALL
SetConsoleTextAttribute  . . . .	P Near	 00000000 FLAT	Length= 00000000 External STDCALL
SetConsoleTitleA . . . . . . . .	P Near	 00000000 FLAT	Length= 00000000 External STDCALL
SetConsoleWindowInfo . . . . . .	P Near	 00000000 FLAT	Length= 00000000 External STDCALL
SetFilePointer . . . . . . . . .	P Near	 00000000 FLAT	Length= 00000000 External STDCALL
SetTextColor . . . . . . . . . .	P Near	 00000000 FLAT	Length= 00000000 External STDCALL
Sleep  . . . . . . . . . . . . .	P Near	 00000000 FLAT	Length= 00000000 External STDCALL
Str_compare  . . . . . . . . . .	P Near	 00000000 FLAT	Length= 00000000 External STDCALL
Str_copy . . . . . . . . . . . .	P Near	 00000000 FLAT	Length= 00000000 External STDCALL
Str_length . . . . . . . . . . .	P Near	 00000000 FLAT	Length= 00000000 External STDCALL
Str_trim . . . . . . . . . . . .	P Near	 00000000 FLAT	Length= 00000000 External STDCALL
Str_ucase  . . . . . . . . . . .	P Near	 00000000 FLAT	Length= 00000000 External STDCALL
SystemTimeToFileTime . . . . . .	P Near	 00000000 FLAT	Length= 00000000 External STDCALL
WaitMsg  . . . . . . . . . . . .	P Near	 00000000 FLAT	Length= 00000000 External STDCALL
WriteBin . . . . . . . . . . . .	P Near	 00000000 FLAT	Length= 00000000 External STDCALL
WriteChar  . . . . . . . . . . .	P Near	 00000000 FLAT	Length= 00000000 External STDCALL
WriteConsoleA  . . . . . . . . .	P Near	 00000000 FLAT	Length= 00000000 External STDCALL
WriteConsoleOutputAttribute  . .	P Near	 00000000 FLAT	Length= 00000000 External STDCALL
WriteConsoleOutputCharacterA . .	P Near	 00000000 FLAT	Length= 00000000 External STDCALL
WriteDec . . . . . . . . . . . .	P Near	 00000000 FLAT	Length= 00000000 External STDCALL
WriteFile  . . . . . . . . . . .	P Near	 00000000 FLAT	Length= 00000000 External STDCALL
WriteHex . . . . . . . . . . . .	P Near	 00000000 FLAT	Length= 00000000 External STDCALL
WriteInt . . . . . . . . . . . .	P Near	 00000000 FLAT	Length= 00000000 External STDCALL
WriteString  . . . . . . . . . .	P Near	 00000000 FLAT	Length= 00000000 External STDCALL
main . . . . . . . . . . . . . .	P Near	 00000000 _TEXT	Length= 00000107 Public STDCALL
  L1 . . . . . . . . . . . . . .	L Near	 00000027 _TEXT	


Symbols:

                N a m e                 Type     Value    Attr

@CodeSize  . . . . . . . . . . .	Number	 00000000h   
@DataSize  . . . . . . . . . . .	Number	 00000000h   
@Interface . . . . . . . . . . .	Number	 00000003h   
@Model . . . . . . . . . . . . .	Number	 00000007h   
@code  . . . . . . . . . . . . .	Text   	 _TEXT
@data  . . . . . . . . . . . . .	Text   	 FLAT
@fardata?  . . . . . . . . . . .	Text   	 FLAT
@fardata . . . . . . . . . . . .	Text   	 FLAT
@stack . . . . . . . . . . . . .	Text   	 FLAT
CREATE_ALWAYS  . . . . . . . . .	Number	 00000002h   
CREATE_NEW . . . . . . . . . . .	Number	 00000001h   
CR . . . . . . . . . . . . . . .	Number	 0000000Dh   
CreateFile . . . . . . . . . . .	Text   	 CreateFileA
DO_NOT_SHARE . . . . . . . . . .	Number	 00000000h   
ENABLE_ECHO_INPUT  . . . . . . .	Number	 00000004h   
ENABLE_LINE_INPUT  . . . . . . .	Number	 00000002h   
ENABLE_MOUSE_INPUT . . . . . . .	Number	 00000010h   
ENABLE_PROCESSED_INPUT . . . . .	Number	 00000001h   
ENABLE_PROCESSED_OUTPUT  . . . .	Number	 00000001h   
ENABLE_WINDOW_INPUT  . . . . . .	Number	 00000008h   
ENABLE_WRAP_AT_EOL_OUTPUT  . . .	Number	 00000002h   
FALSE  . . . . . . . . . . . . .	Number	 00000000h   
FILE_APPEND_DATA . . . . . . . .	Number	 00000004h   
FILE_ATTRIBUTE_ARCHIVE . . . . .	Number	 00000020h   
FILE_ATTRIBUTE_COMPRESSED  . . .	Number	 00000800h   
FILE_ATTRIBUTE_DEVICE  . . . . .	Number	 00000040h   
FILE_ATTRIBUTE_DIRECTORY . . . .	Number	 00000010h   
FILE_ATTRIBUTE_ENCRYPTED . . . .	Number	 00004000h   
FILE_ATTRIBUTE_HIDDEN  . . . . .	Number	 00000002h   
FILE_ATTRIBUTE_NORMAL  . . . . .	Number	 00000080h   
FILE_ATTRIBUTE_NOT_CONTENT_INDEXED .	Number	 00002000h   
FILE_ATTRIBUTE_OFFLINE . . . . .	Number	 00001000h   
FILE_ATTRIBUTE_READONLY  . . . .	Number	 00000001h   
FILE_ATTRIBUTE_REPARSE_POINT . .	Number	 00000400h   
FILE_ATTRIBUTE_SPARSE_FILE . . .	Number	 00000200h   
FILE_ATTRIBUTE_SYSTEM  . . . . .	Number	 00000004h   
FILE_ATTRIBUTE_TEMPORARY . . . .	Number	 00000100h   
FILE_BEGIN . . . . . . . . . . .	Number	 00000000h   
FILE_CURRENT . . . . . . . . . .	Number	 00000001h   
FILE_DELETE_CHILD  . . . . . . .	Number	 00000040h   
FILE_END . . . . . . . . . . . .	Number	 00000002h   
FILE_READ_DATA . . . . . . . . .	Number	 00000001h   
FILE_SHARE_DELETE  . . . . . . .	Number	 00000004h   
FILE_SHARE_READ  . . . . . . . .	Number	 00000001h   
FILE_SHARE_WRITE . . . . . . . .	Number	 00000002h   
FILE_WRITE_DATA  . . . . . . . .	Number	 00000002h   
FOCUS_EVENT  . . . . . . . . . .	Number	 00000010h   
GENERIC_ALL  . . . . . . . . . .	Number	 10000000h   
GENERIC_EXECUTE  . . . . . . . .	Number	 20000000h   
GENERIC_READ . . . . . . . . . .	Number	 -80000000h   
GENERIC_WRITE  . . . . . . . . .	Number	 40000000h   
INVALID_HANDLE_VALUE . . . . . .	Number	 -00000001h   
KEY_EVENT  . . . . . . . . . . .	Number	 00000001h   
LF . . . . . . . . . . . . . . .	Number	 0000000Ah   
MENU_EVENT . . . . . . . . . . .	Number	 00000008h   
MOUSE_EVENT  . . . . . . . . . .	Number	 00000002h   
NULL . . . . . . . . . . . . . .	Number	 00000000h   
OPEN_ALWAYS  . . . . . . . . . .	Number	 00000004h   
OPEN_EXISTING  . . . . . . . . .	Number	 00000003h   
PeekConsoleInput . . . . . . . .	Text   	 PeekConsoleInputA
ReadConsoleInput . . . . . . . .	Text   	 ReadConsoleInputA
ReadConsole  . . . . . . . . . .	Text   	 ReadConsoleA
STD_INPUT_HANDLE . . . . . . . .	Number	 -0000000Ah   
STD_OUTPUT_HANDLE  . . . . . . .	Number	 -0000000Bh   
SetConsoleTitle  . . . . . . . .	Text   	 SetConsoleTitleA
TRUE . . . . . . . . . . . . . .	Number	 00000001h   
TRUNCATE_EXISTING  . . . . . . .	Number	 00000005h   
WINDOW_BUFFER_SIZE_EVENT . . . .	Number	 00000004h   
WriteConsoleOutputCharacter  . .	Text   	 WriteConsoleOutputCharacterA
WriteConsole . . . . . . . . . .	Text   	 WriteConsoleA
black  . . . . . . . . . . . . .	Number	 00000000h   
blue . . . . . . . . . . . . . .	Number	 00000001h   
brown  . . . . . . . . . . . . .	Number	 00000006h   
buffer . . . . . . . . . . . . .	Byte	 000000F0 _DATA	
cyan . . . . . . . . . . . . . .	Number	 00000003h   
dwordVal . . . . . . . . . . . .	DWord	 00000122 _DATA	
exit . . . . . . . . . . . . . .	Text   	 INVOKE ExitProcess,0
gray . . . . . . . . . . . . . .	Number	 00000008h   
green  . . . . . . . . . . . . .	Number	 00000002h   
hello  . . . . . . . . . . . . .	Byte	 000000E8 _DATA	
lightBlue  . . . . . . . . . . .	Number	 00000009h   
lightCyan  . . . . . . . . . . .	Number	 0000000Bh   
lightGray  . . . . . . . . . . .	Number	 00000007h   
lightGreen . . . . . . . . . . .	Number	 0000000Ah   
lightMagenta . . . . . . . . . .	Number	 0000000Dh   
lightRed . . . . . . . . . . . .	Number	 0000000Ch   
magenta  . . . . . . . . . . . .	Number	 00000005h   
msg1 . . . . . . . . . . . . . .	Byte	 000000AC _DATA	
prompt1  . . . . . . . . . . . .	Byte	 0000006C _DATA	
prompt2  . . . . . . . . . . . .	Byte	 0000007A _DATA	
prompt3  . . . . . . . . . . . .	Byte	 0000009A _DATA	
rand1  . . . . . . . . . . . . .	Byte	 00000000 _DATA	
rand2  . . . . . . . . . . . . .	Byte	 00000033 _DATA	
red  . . . . . . . . . . . . . .	Number	 00000004h   
regs . . . . . . . . . . . . . .	Byte	 000000CC _DATA	
white  . . . . . . . . . . . . .	Number	 0000000Fh   
yellow . . . . . . . . . . . . .	Number	 0000000Eh   

	   0 Warnings
	   0 Errors
